C:\USERS\ALEXANDER WILMS\DOCUMENTS\HOCHSCHULE DARMSTADT\2. SEMESTER\TECHNISCHE INFORMATIK 2\PRAKTIKA\PRAKTIKUM 2\PRAKTIKUM 2\RELEASE\MAIN.OBJ
C:\USERS\ALEXANDER WILMS\DOCUMENTS\HOCHSCHULE DARMSTADT\2. SEMESTER\TECHNISCHE INFORMATIK 2\PRAKTIKA\PRAKTIKUM 2\PRAKTIKUM 2\RELEASE\FRACTION.OBJ
C:\USERS\ALEXANDER WILMS\DOCUMENTS\HOCHSCHULE DARMSTADT\2. SEMESTER\TECHNISCHE INFORMATIK 2\PRAKTIKA\PRAKTIKUM 2\PRAKTIKUM 2\RELEASE\VC110.PDB
C:\USERS\ALEXANDER WILMS\DOCUMENTS\HOCHSCHULE DARMSTADT\2. SEMESTER\TECHNISCHE INFORMATIK 2\PRAKTIKA\PRAKTIKUM 4\PRAKTIKUM 2\RELEASE\FRACTION.OBJ
C:\USERS\ALEXANDER WILMS\DOCUMENTS\HOCHSCHULE DARMSTADT\2. SEMESTER\TECHNISCHE INFORMATIK 2\PRAKTIKA\PRAKTIKUM 4\PRAKTIKUM 2\RELEASE\MAIN.OBJ
C:\USERS\ALEXANDER WILMS\DOCUMENTS\HOCHSCHULE DARMSTADT\2. SEMESTER\TECHNISCHE INFORMATIK 2\PRAKTIKA\PRAKTIKUM 4\PRAKTIKUM 2\RELEASE\VC110.PDB
C:\USERS\ALEXANDER WILMS\DOCUMENTS\HOCHSCHULE DARMSTADT\2. SEMESTER\TECHNISCHE INFORMATIK 2\PRAKTIKA\PRAKTIKUM 2\RELEASE\PRAKTIKUM 2.EXE
C:\USERS\ALEXANDER WILMS\DOCUMENTS\HOCHSCHULE DARMSTADT\2. SEMESTER\TECHNISCHE INFORMATIK 2\PRAKTIKA\PRAKTIKUM 2\RELEASE\PRAKTIKUM 2.PDB
C:\Users\Alexander Wilms\Documents\Hochschule Darmstadt\2. Semester\Technische Informatik 2\Praktika\Praktikum 4\Praktikum 2\Release\fraction.obj
C:\Users\Alexander Wilms\Documents\Hochschule Darmstadt\2. Semester\Technische Informatik 2\Praktika\Praktikum 4\Praktikum 2\Release\main.obj
C:\Users\Alexander Wilms\Documents\Hochschule Darmstadt\2. Semester\Technische Informatik 2\Praktika\Praktikum 4\Praktikum 2\Release\cl.command.1.tlog
C:\Users\Alexander Wilms\Documents\Hochschule Darmstadt\2. Semester\Technische Informatik 2\Praktika\Praktikum 4\Praktikum 2\Release\CL.read.1.tlog
C:\Users\Alexander Wilms\Documents\Hochschule Darmstadt\2. Semester\Technische Informatik 2\Praktika\Praktikum 4\Praktikum 2\Release\CL.write.1.tlog
C:\Users\Alexander Wilms\Documents\Hochschule Darmstadt\2. Semester\Technische Informatik 2\Praktika\Praktikum 4\Praktikum 2\Release\link-cvtres.read.1.tlog
C:\Users\Alexander Wilms\Documents\Hochschule Darmstadt\2. Semester\Technische Informatik 2\Praktika\Praktikum 4\Praktikum 2\Release\link-cvtres.write.1.tlog
C:\Users\Alexander Wilms\Documents\Hochschule Darmstadt\2. Semester\Technische Informatik 2\Praktika\Praktikum 4\Praktikum 2\Release\link-rc.read.1.tlog
C:\Users\Alexander Wilms\Documents\Hochschule Darmstadt\2. Semester\Technische Informatik 2\Praktika\Praktikum 4\Praktikum 2\Release\link-rc.write.1.tlog
C:\Users\Alexander Wilms\Documents\Hochschule Darmstadt\2. Semester\Technische Informatik 2\Praktika\Praktikum 4\Praktikum 2\Release\link.command.1.tlog
C:\Users\Alexander Wilms\Documents\Hochschule Darmstadt\2. Semester\Technische Informatik 2\Praktika\Praktikum 4\Praktikum 2\Release\link.read.1.tlog
C:\Users\Alexander Wilms\Documents\Hochschule Darmstadt\2. Semester\Technische Informatik 2\Praktika\Praktikum 4\Praktikum 2\Release\link.write.1.tlog
C:\Users\Alexander Wilms\Documents\Hochschule Darmstadt\2. Semester\Technische Informatik 2\Praktika\Praktikum 4\Praktikum 2\Release\vc110.pdb
